<?xml version="1.0" encoding="UTF-8"?>
<coverage generated="1663354041728" clover="3.2.0">
  <project timestamp="1663354041729" name="All files">
    <metrics statements="23" coveredstatements="15" conditionals="1" coveredconditionals="1" methods="2" coveredmethods="1" elements="26" coveredelements="17" complexity="0" loc="23" ncloc="23" packages="1" files="1" classes="1"/>
    <file name="Usuario.ts" path="C:\Users\user\Desktop\alvaro\scripts\javascript\Api Solid\src\entities\Usuario.ts">
      <metrics statements="23" coveredstatements="15" conditionals="1" coveredconditionals="1" methods="2" coveredmethods="1"/>
      <line num="1" count="1" type="stmt"/>
      <line num="2" count="1" type="stmt"/>
      <line num="3" count="1" type="stmt"/>
      <line num="4" count="1" type="stmt"/>
      <line num="5" count="1" type="stmt"/>
      <line num="6" count="1" type="stmt"/>
      <line num="7" count="1" type="stmt"/>
      <line num="8" count="1" type="stmt"/>
      <line num="9" count="1" type="stmt"/>
      <line num="10" count="1" type="stmt"/>
      <line num="11" count="0" type="stmt"/>
      <line num="12" count="0" type="stmt"/>
      <line num="13" count="0" type="stmt"/>
      <line num="14" count="0" type="stmt"/>
      <line num="15" count="0" type="stmt"/>
      <line num="16" count="0" type="stmt"/>
      <line num="17" count="0" type="stmt"/>
      <line num="18" count="0" type="stmt"/>
      <line num="19" count="1" type="stmt"/>
      <line num="20" count="1" type="stmt"/>
      <line num="21" count="1" type="cond" truecount="1" falsecount="0"/>
      <line num="22" count="1" type="stmt"/>
      <line num="23" count="1" type="stmt"/>
    </file>
  </project>
</coverage>
